<?xml version="1.0" encoding="UTF-8"?>
<testsuite xmlns:xsi="http://www.w3.org/2001/XMLSchema-instance" xsi:noNamespaceSchemaLocation="https://maven.apache.org/surefire/maven-surefire-plugin/xsd/surefire-test-report-3.0.xsd" version="3.0" name="ui.UITest" time="176.381" tests="9" errors="0" skipped="0" failures="0">
  <properties>
[...]
</properties>
  <testcase name="testBanner(String)[1]" classname="ui.UITest" time="4.934">
    <system-err><![CDATA[Starting ChromeDriver 94.0.4606.61 (418b78f5838ed0b1c69bb4e51ea0252171854915-refs/branch-heads/4606@{#1204}) on port 10508
Only local connections are allowed.
Please see https://chromedriver.chromium.org/security-considerations for suggestions on keeping ChromeDriver safe.
ChromeDriver was started successfully.
окт. 01, 2021 2:16:05 PM org.openqa.selenium.remote.ProtocolHandshake createSession
INFO: Detected dialect: W3C
]]></system-err>
  </testcase>
  <testcase name="testAuthorization(String, String)[1]" classname="ui.UITest" time="10.261"/>
  <testcase name="testAuthorizationWithIncorrectDate(String, String)[1]" classname="ui.UITest" time="8.28"/>
  <testcase name="testItemMenu(String)[1]" classname="ui.UITest" time="24.155"/>
  <testcase name="testCountries(int)[1]" classname="ui.UITest" time="1.915"/>
  <testcase name="testTourSelection(String, String, int, int)[1]" classname="ui.UITest" time="26.921">
    <system-out><![CDATA[первый месяц Октябрь
второй месяц Ноябрь
]]></system-out>
  </testcase>
  <testcase name="testTourSelection(String, String, int, int)[2]" classname="ui.UITest" time="13.955">
    <system-out><![CDATA[первый месяц Октябрь
второй месяц Ноябрь
]]></system-out>
  </testcase>
  <testcase name="testIntermediateSelection(String, int, String)[1]" classname="ui.UITest" time="43.476"/>
  <testcase name="testTourBooking(String, String, int, int)[1]" classname="ui.UITest" time="33.48">
    <system-out><![CDATA[первый месяц Октябрь
второй месяц Ноябрь
]]></system-out>
  </testcase>
</testsuite>